[2.994s] Invoking command in '/home/Nada/ros2_ws/ros2_ws/src/mypkg': PYTHONPATH=/home/Nada/ros2_ws/build/mypkg/prefix_override:/usr/lib/python3/dist-packages/colcon_core/task/python/colcon_distutils_commands:/home/Nada/ros2_ws/install/mypkg/lib/python3.10/site-packages:${PYTHONPATH} /usr/bin/python3 -W ignore:setup.py install is deprecated -W ignore:easy_install command is deprecated setup.py egg_info --egg-base ../../../build/mypkg build --build-base /home/Nada/ros2_ws/build/mypkg/build install --record /home/Nada/ros2_ws/build/mypkg/install.log --single-version-externally-managed install_data
[3.688s] running egg_info
[3.714s] writing ../../../build/mypkg/mypkg.egg-info/PKG-INFO
[3.715s] writing dependency_links to ../../../build/mypkg/mypkg.egg-info/dependency_links.txt
[3.717s] writing entry points to ../../../build/mypkg/mypkg.egg-info/entry_points.txt
[3.721s] writing requirements to ../../../build/mypkg/mypkg.egg-info/requires.txt
[3.723s] writing top-level names to ../../../build/mypkg/mypkg.egg-info/top_level.txt
[3.747s] reading manifest file '../../../build/mypkg/mypkg.egg-info/SOURCES.txt'
[3.815s] writing manifest file '../../../build/mypkg/mypkg.egg-info/SOURCES.txt'
[3.818s] running build
[3.819s] running build_py
[3.859s] copying mypkg/publisher.py -> /home/Nada/ros2_ws/build/mypkg/build/lib/mypkg
[3.908s] running install
[3.909s] running install_lib
[3.978s] copying /home/Nada/ros2_ws/build/mypkg/build/lib/mypkg/publisher.py -> /home/Nada/ros2_ws/install/mypkg/lib/python3.10/site-packages/mypkg
[4.075s] byte-compiling /home/Nada/ros2_ws/install/mypkg/lib/python3.10/site-packages/mypkg/publisher.py to publisher.cpython-310.pyc
[4.179s] running install_data
[4.209s] running install_egg_info
[4.219s] removing '/home/Nada/ros2_ws/install/mypkg/lib/python3.10/site-packages/mypkg-0.0.0-py3.10.egg-info' (and everything under it)
[4.287s] Copying ../../../build/mypkg/mypkg.egg-info to /home/Nada/ros2_ws/install/mypkg/lib/python3.10/site-packages/mypkg-0.0.0-py3.10.egg-info
[4.725s] running install_scripts
[4.808s] Installing my_node script to /home/Nada/ros2_ws/install/mypkg/lib/mypkg
[4.820s] Installing oop_node script to /home/Nada/ros2_ws/install/mypkg/lib/mypkg
[4.840s] Installing publisher script to /home/Nada/ros2_ws/install/mypkg/lib/mypkg
[4.851s] Installing sub script to /home/Nada/ros2_ws/install/mypkg/lib/mypkg
[4.864s] writing list of installed files to '/home/Nada/ros2_ws/build/mypkg/install.log'
[4.913s] Invoked command in '/home/Nada/ros2_ws/ros2_ws/src/mypkg' returned '0': PYTHONPATH=/home/Nada/ros2_ws/build/mypkg/prefix_override:/usr/lib/python3/dist-packages/colcon_core/task/python/colcon_distutils_commands:/home/Nada/ros2_ws/install/mypkg/lib/python3.10/site-packages:${PYTHONPATH} /usr/bin/python3 -W ignore:setup.py install is deprecated -W ignore:easy_install command is deprecated setup.py egg_info --egg-base ../../../build/mypkg build --build-base /home/Nada/ros2_ws/build/mypkg/build install --record /home/Nada/ros2_ws/build/mypkg/install.log --single-version-externally-managed install_data
