[0.253s] DEBUG:colcon:Command line arguments: ['/usr/bin/colcon', 'build']
[0.254s] DEBUG:colcon:Parsed command line arguments: Namespace(log_base=None, log_level=None, verb_name='build', build_base='build', install_base='install', merge_install=False, symlink_install=False, test_result_base=None, continue_on_error=False, executor='parallel', parallel_workers=20, event_handlers=None, ignore_user_meta=False, metas=['./colcon.meta'], base_paths=['.'], packages_ignore=None, packages_ignore_regex=None, paths=None, packages_up_to=None, packages_up_to_regex=None, packages_above=None, packages_above_and_dependencies=None, packages_above_depth=None, packages_select_by_dep=None, packages_skip_by_dep=None, packages_skip_up_to=None, packages_select_build_failed=False, packages_skip_build_finished=False, packages_select_test_failures=False, packages_skip_test_passed=False, packages_select=None, packages_skip=None, packages_select_regex=None, packages_skip_regex=None, packages_start=None, packages_end=None, cmake_args=None, cmake_target=None, cmake_target_skip_unavailable=False, cmake_clean_cache=False, cmake_clean_first=False, cmake_force_configure=False, ament_cmake_args=None, catkin_cmake_args=None, catkin_skip_building_tests=False, mixin_files=None, mixin=None, verb_parser=<colcon_mixin.mixin.mixin_argument.MixinArgumentDecorator object at 0x772455450130>, verb_extension=<colcon_core.verb.build.BuildVerb object at 0x77245541b760>, main=<bound method BuildVerb.main of <colcon_core.verb.build.BuildVerb object at 0x77245541b760>>, mixin_verb=('build',))
[0.596s] Level 1:colcon.colcon_core.package_discovery:discover_packages(colcon_meta) check parameters
[0.597s] Level 1:colcon.colcon_core.package_discovery:discover_packages(recursive) check parameters
[0.597s] Level 1:colcon.colcon_core.package_discovery:discover_packages(ignore) check parameters
[0.598s] Level 1:colcon.colcon_core.package_discovery:discover_packages(path) check parameters
[0.598s] Level 1:colcon.colcon_core.package_discovery:discover_packages(colcon_meta) discover
[0.599s] Level 1:colcon.colcon_core.package_discovery:discover_packages(recursive) discover
[0.599s] INFO:colcon.colcon_core.package_discovery:Crawling recursively for packages in '/home/Nada/ros2_ws'
[0.602s] Level 1:colcon.colcon_core.package_identification:_identify(.) by extensions ['ignore', 'ignore_ament_install']
[0.602s] Level 1:colcon.colcon_core.package_identification:_identify(.) by extension 'ignore'
[0.603s] Level 1:colcon.colcon_core.package_identification:_identify(.) by extension 'ignore_ament_install'
[0.604s] Level 1:colcon.colcon_core.package_identification:_identify(.) by extensions ['colcon_pkg']
[0.604s] Level 1:colcon.colcon_core.package_identification:_identify(.) by extension 'colcon_pkg'
[0.605s] Level 1:colcon.colcon_core.package_identification:_identify(.) by extensions ['colcon_meta']
[0.605s] Level 1:colcon.colcon_core.package_identification:_identify(.) by extension 'colcon_meta'
[0.606s] Level 1:colcon.colcon_core.package_identification:_identify(.) by extensions ['ros']
[0.606s] Level 1:colcon.colcon_core.package_identification:_identify(.) by extension 'ros'
[0.621s] Level 1:colcon.colcon_core.package_identification:_identify(.) by extensions ['cmake', 'python']
[0.622s] Level 1:colcon.colcon_core.package_identification:_identify(.) by extension 'cmake'
[0.623s] Level 1:colcon.colcon_core.package_identification:_identify(.) by extension 'python'
[0.625s] Level 1:colcon.colcon_core.package_identification:_identify(.) by extensions ['python_setup_py']
[0.625s] Level 1:colcon.colcon_core.package_identification:_identify(.) by extension 'python_setup_py'
[0.634s] Level 1:colcon.colcon_core.package_identification:_identify(build) by extensions ['ignore', 'ignore_ament_install']
[0.635s] Level 1:colcon.colcon_core.package_identification:_identify(build) by extension 'ignore'
[0.639s] Level 1:colcon.colcon_core.package_identification:_identify(build) ignored
[0.648s] Level 1:colcon.colcon_core.package_identification:_identify(install) by extensions ['ignore', 'ignore_ament_install']
[0.649s] Level 1:colcon.colcon_core.package_identification:_identify(install) by extension 'ignore'
[0.654s] Level 1:colcon.colcon_core.package_identification:_identify(install) ignored
[0.667s] Level 1:colcon.colcon_core.package_identification:_identify(log) by extensions ['ignore', 'ignore_ament_install']
[0.668s] Level 1:colcon.colcon_core.package_identification:_identify(log) by extension 'ignore'
[0.670s] Level 1:colcon.colcon_core.package_identification:_identify(log) ignored
[0.681s] Level 1:colcon.colcon_core.package_identification:_identify(ros2_ws) by extensions ['ignore', 'ignore_ament_install']
[0.681s] Level 1:colcon.colcon_core.package_identification:_identify(ros2_ws) by extension 'ignore'
[0.683s] Level 1:colcon.colcon_core.package_identification:_identify(ros2_ws) by extension 'ignore_ament_install'
[0.685s] Level 1:colcon.colcon_core.package_identification:_identify(ros2_ws) by extensions ['colcon_pkg']
[0.685s] Level 1:colcon.colcon_core.package_identification:_identify(ros2_ws) by extension 'colcon_pkg'
[0.686s] Level 1:colcon.colcon_core.package_identification:_identify(ros2_ws) by extensions ['colcon_meta']
[0.687s] Level 1:colcon.colcon_core.package_identification:_identify(ros2_ws) by extension 'colcon_meta'
[0.688s] Level 1:colcon.colcon_core.package_identification:_identify(ros2_ws) by extensions ['ros']
[0.688s] Level 1:colcon.colcon_core.package_identification:_identify(ros2_ws) by extension 'ros'
[0.691s] Level 1:colcon.colcon_core.package_identification:_identify(ros2_ws) by extensions ['cmake', 'python']
[0.692s] Level 1:colcon.colcon_core.package_identification:_identify(ros2_ws) by extension 'cmake'
[0.692s] Level 1:colcon.colcon_core.package_identification:_identify(ros2_ws) by extension 'python'
[0.694s] Level 1:colcon.colcon_core.package_identification:_identify(ros2_ws) by extensions ['python_setup_py']
[0.694s] Level 1:colcon.colcon_core.package_identification:_identify(ros2_ws) by extension 'python_setup_py'
[0.698s] Level 1:colcon.colcon_core.package_identification:_identify(ros2_ws/build) by extensions ['ignore', 'ignore_ament_install']
[0.698s] Level 1:colcon.colcon_core.package_identification:_identify(ros2_ws/build) by extension 'ignore'
[0.700s] Level 1:colcon.colcon_core.package_identification:_identify(ros2_ws/build) ignored
[0.704s] Level 1:colcon.colcon_core.package_identification:_identify(ros2_ws/install) by extensions ['ignore', 'ignore_ament_install']
[0.704s] Level 1:colcon.colcon_core.package_identification:_identify(ros2_ws/install) by extension 'ignore'
[0.705s] Level 1:colcon.colcon_core.package_identification:_identify(ros2_ws/install) ignored
[0.711s] Level 1:colcon.colcon_core.package_identification:_identify(ros2_ws/log) by extensions ['ignore', 'ignore_ament_install']
[0.711s] Level 1:colcon.colcon_core.package_identification:_identify(ros2_ws/log) by extension 'ignore'
[0.713s] Level 1:colcon.colcon_core.package_identification:_identify(ros2_ws/log) ignored
[0.717s] Level 1:colcon.colcon_core.package_identification:_identify(ros2_ws/src) by extensions ['ignore', 'ignore_ament_install']
[0.717s] Level 1:colcon.colcon_core.package_identification:_identify(ros2_ws/src) by extension 'ignore'
[0.719s] Level 1:colcon.colcon_core.package_identification:_identify(ros2_ws/src) by extension 'ignore_ament_install'
[0.723s] Level 1:colcon.colcon_core.package_identification:_identify(ros2_ws/src) by extensions ['colcon_pkg']
[0.723s] Level 1:colcon.colcon_core.package_identification:_identify(ros2_ws/src) by extension 'colcon_pkg'
[0.725s] Level 1:colcon.colcon_core.package_identification:_identify(ros2_ws/src) by extensions ['colcon_meta']
[0.725s] Level 1:colcon.colcon_core.package_identification:_identify(ros2_ws/src) by extension 'colcon_meta'
[0.728s] Level 1:colcon.colcon_core.package_identification:_identify(ros2_ws/src) by extensions ['ros']
[0.728s] Level 1:colcon.colcon_core.package_identification:_identify(ros2_ws/src) by extension 'ros'
[0.737s] Level 1:colcon.colcon_core.package_identification:_identify(ros2_ws/src) by extensions ['cmake', 'python']
[0.737s] Level 1:colcon.colcon_core.package_identification:_identify(ros2_ws/src) by extension 'cmake'
[0.739s] Level 1:colcon.colcon_core.package_identification:_identify(ros2_ws/src) by extension 'python'
[0.741s] Level 1:colcon.colcon_core.package_identification:_identify(ros2_ws/src) by extensions ['python_setup_py']
[0.741s] Level 1:colcon.colcon_core.package_identification:_identify(ros2_ws/src) by extension 'python_setup_py'
[0.750s] Level 1:colcon.colcon_core.package_identification:_identify(ros2_ws/src/mypkg) by extensions ['ignore', 'ignore_ament_install']
[0.750s] Level 1:colcon.colcon_core.package_identification:_identify(ros2_ws/src/mypkg) by extension 'ignore'
[0.752s] Level 1:colcon.colcon_core.package_identification:_identify(ros2_ws/src/mypkg) by extension 'ignore_ament_install'
[0.755s] Level 1:colcon.colcon_core.package_identification:_identify(ros2_ws/src/mypkg) by extensions ['colcon_pkg']
[0.756s] Level 1:colcon.colcon_core.package_identification:_identify(ros2_ws/src/mypkg) by extension 'colcon_pkg'
[0.757s] Level 1:colcon.colcon_core.package_identification:_identify(ros2_ws/src/mypkg) by extensions ['colcon_meta']
[0.757s] Level 1:colcon.colcon_core.package_identification:_identify(ros2_ws/src/mypkg) by extension 'colcon_meta'
[0.760s] Level 1:colcon.colcon_core.package_identification:_identify(ros2_ws/src/mypkg) by extensions ['ros']
[0.760s] Level 1:colcon.colcon_core.package_identification:_identify(ros2_ws/src/mypkg) by extension 'ros'
[0.777s] DEBUG:colcon.colcon_core.package_identification:Package 'ros2_ws/src/mypkg' with type 'ros.ament_python' and name 'mypkg'
[0.777s] Level 1:colcon.colcon_core.package_discovery:discover_packages(recursive) using defaults
[0.778s] Level 1:colcon.colcon_core.package_discovery:discover_packages(ignore) discover
[0.778s] Level 1:colcon.colcon_core.package_discovery:discover_packages(ignore) using defaults
[0.778s] Level 1:colcon.colcon_core.package_discovery:discover_packages(path) discover
[0.779s] Level 1:colcon.colcon_core.package_discovery:discover_packages(path) using defaults
[0.825s] Level 5:colcon.colcon_core.verb:set package 'mypkg' build argument 'cmake_args' from command line to 'None'
[0.825s] Level 5:colcon.colcon_core.verb:set package 'mypkg' build argument 'cmake_target' from command line to 'None'
[0.825s] Level 5:colcon.colcon_core.verb:set package 'mypkg' build argument 'cmake_target_skip_unavailable' from command line to 'False'
[0.825s] Level 5:colcon.colcon_core.verb:set package 'mypkg' build argument 'cmake_clean_cache' from command line to 'False'
[0.826s] Level 5:colcon.colcon_core.verb:set package 'mypkg' build argument 'cmake_clean_first' from command line to 'False'
[0.826s] Level 5:colcon.colcon_core.verb:set package 'mypkg' build argument 'cmake_force_configure' from command line to 'False'
[0.826s] Level 5:colcon.colcon_core.verb:set package 'mypkg' build argument 'ament_cmake_args' from command line to 'None'
[0.826s] Level 5:colcon.colcon_core.verb:set package 'mypkg' build argument 'catkin_cmake_args' from command line to 'None'
[0.826s] Level 5:colcon.colcon_core.verb:set package 'mypkg' build argument 'catkin_skip_building_tests' from command line to 'False'
[0.826s] DEBUG:colcon.colcon_core.verb:Building package 'mypkg' with the following arguments: {'ament_cmake_args': None, 'build_base': '/home/Nada/ros2_ws/build/mypkg', 'catkin_cmake_args': None, 'catkin_skip_building_tests': False, 'cmake_args': None, 'cmake_clean_cache': False, 'cmake_clean_first': False, 'cmake_force_configure': False, 'cmake_target': None, 'cmake_target_skip_unavailable': False, 'install_base': '/home/Nada/ros2_ws/install/mypkg', 'merge_install': False, 'path': '/home/Nada/ros2_ws/ros2_ws/src/mypkg', 'symlink_install': False, 'test_result_base': None}
[0.827s] INFO:colcon.colcon_core.executor:Executing jobs using 'parallel' executor
[0.828s] DEBUG:colcon.colcon_parallel_executor.executor.parallel:run_until_complete
[0.828s] INFO:colcon.colcon_ros.task.ament_python.build:Building ROS package in '/home/Nada/ros2_ws/ros2_ws/src/mypkg' with build type 'ament_python'
[0.828s] Level 1:colcon.colcon_core.shell:create_environment_hook('mypkg', 'ament_prefix_path')
[0.837s] INFO:colcon.colcon_core.plugin_system:Skipping extension 'colcon_core.shell.bat': Not used on non-Windows systems
[0.837s] INFO:colcon.colcon_core.shell:Creating environment hook '/home/Nada/ros2_ws/install/mypkg/share/mypkg/hook/ament_prefix_path.ps1'
[0.854s] INFO:colcon.colcon_core.shell:Creating environment descriptor '/home/Nada/ros2_ws/install/mypkg/share/mypkg/hook/ament_prefix_path.dsv'
[0.906s] INFO:colcon.colcon_core.shell:Creating environment hook '/home/Nada/ros2_ws/install/mypkg/share/mypkg/hook/ament_prefix_path.sh'
[0.954s] INFO:colcon.colcon_core.shell:Skip shell extension 'powershell' for command environment: Not usable outside of PowerShell
[0.955s] DEBUG:colcon.colcon_core.shell:Skip shell extension 'dsv' for command environment
[1.781s] INFO:colcon.colcon_core.task.python.build:Building Python package in '/home/Nada/ros2_ws/ros2_ws/src/mypkg'
[1.782s] INFO:colcon.colcon_core.shell:Skip shell extension 'powershell' for command environment: Not usable outside of PowerShell
[1.783s] DEBUG:colcon.colcon_core.shell:Skip shell extension 'dsv' for command environment
[3.236s] DEBUG:colcon.colcon_core.event_handler.log_command:Invoking command in '/home/Nada/ros2_ws/ros2_ws/src/mypkg': PYTHONPATH=/home/Nada/ros2_ws/build/mypkg/prefix_override:/usr/lib/python3/dist-packages/colcon_core/task/python/colcon_distutils_commands:/home/Nada/ros2_ws/install/mypkg/lib/python3.10/site-packages:${PYTHONPATH} /usr/bin/python3 -W ignore:setup.py install is deprecated -W ignore:easy_install command is deprecated setup.py egg_info --egg-base ../../../build/mypkg build --build-base /home/Nada/ros2_ws/build/mypkg/build install --record /home/Nada/ros2_ws/build/mypkg/install.log --single-version-externally-managed install_data
[6.982s] Level 1:colcon.colcon_core.environment:checking '/home/Nada/ros2_ws/install/mypkg' for CMake module files
[6.996s] DEBUG:colcon.colcon_core.event_handler.log_command:Invoked command in '/home/Nada/ros2_ws/ros2_ws/src/mypkg' returned '0': PYTHONPATH=/home/Nada/ros2_ws/build/mypkg/prefix_override:/usr/lib/python3/dist-packages/colcon_core/task/python/colcon_distutils_commands:/home/Nada/ros2_ws/install/mypkg/lib/python3.10/site-packages:${PYTHONPATH} /usr/bin/python3 -W ignore:setup.py install is deprecated -W ignore:easy_install command is deprecated setup.py egg_info --egg-base ../../../build/mypkg build --build-base /home/Nada/ros2_ws/build/mypkg/build install --record /home/Nada/ros2_ws/build/mypkg/install.log --single-version-externally-managed install_data
[7.034s] Level 1:colcon.colcon_core.environment:checking '/home/Nada/ros2_ws/install/mypkg' for CMake config files
[7.113s] Level 1:colcon.colcon_core.environment:checking '/home/Nada/ros2_ws/install/mypkg/lib'
[7.117s] Level 1:colcon.colcon_core.environment:checking '/home/Nada/ros2_ws/install/mypkg/bin'
[7.118s] Level 1:colcon.colcon_core.environment:checking '/home/Nada/ros2_ws/install/mypkg/lib/pkgconfig/mypkg.pc'
[7.120s] Level 1:colcon.colcon_core.environment:checking '/home/Nada/ros2_ws/install/mypkg/lib/python3.10/site-packages'
[7.122s] Level 1:colcon.colcon_core.shell:create_environment_hook('mypkg', 'pythonpath')
[7.122s] INFO:colcon.colcon_core.shell:Creating environment hook '/home/Nada/ros2_ws/install/mypkg/share/mypkg/hook/pythonpath.ps1'
[7.137s] INFO:colcon.colcon_core.shell:Creating environment descriptor '/home/Nada/ros2_ws/install/mypkg/share/mypkg/hook/pythonpath.dsv'
[7.150s] INFO:colcon.colcon_core.shell:Creating environment hook '/home/Nada/ros2_ws/install/mypkg/share/mypkg/hook/pythonpath.sh'
[7.167s] Level 1:colcon.colcon_core.environment:checking '/home/Nada/ros2_ws/install/mypkg/bin'
[7.168s] Level 1:colcon.colcon_core.environment:create_environment_scripts_only(mypkg)
[7.168s] INFO:colcon.colcon_core.shell:Creating package script '/home/Nada/ros2_ws/install/mypkg/share/mypkg/package.ps1'
[7.178s] INFO:colcon.colcon_core.shell:Creating package descriptor '/home/Nada/ros2_ws/install/mypkg/share/mypkg/package.dsv'
[7.190s] INFO:colcon.colcon_core.shell:Creating package script '/home/Nada/ros2_ws/install/mypkg/share/mypkg/package.sh'
[7.213s] INFO:colcon.colcon_core.shell:Creating package script '/home/Nada/ros2_ws/install/mypkg/share/mypkg/package.bash'
[7.227s] INFO:colcon.colcon_core.shell:Creating package script '/home/Nada/ros2_ws/install/mypkg/share/mypkg/package.zsh'
[7.245s] Level 1:colcon.colcon_core.environment:create_file_with_runtime_dependencies(/home/Nada/ros2_ws/install/mypkg/share/colcon-core/packages/mypkg)
[7.259s] DEBUG:colcon.colcon_parallel_executor.executor.parallel:closing loop
[7.259s] DEBUG:colcon.colcon_parallel_executor.executor.parallel:loop closed
[7.260s] DEBUG:colcon.colcon_parallel_executor.executor.parallel:run_until_complete finished with '0'
[7.261s] DEBUG:colcon.colcon_core.event_reactor:joining thread
[7.348s] INFO:colcon.colcon_core.plugin_system:Skipping extension 'colcon_notification.desktop_notification.notify_send': Could not find 'notify-send'
[7.349s] INFO:colcon.colcon_core.plugin_system:Skipping extension 'colcon_notification.desktop_notification.terminal_notifier': Not used on non-Darwin systems
[7.349s] INFO:colcon.colcon_core.plugin_system:Skipping extension 'colcon_notification.desktop_notification.win32': Not used on non-Windows systems
[7.350s] INFO:colcon.colcon_notification.desktop_notification:Sending desktop notification using 'notify2'
[7.353s] DEBUG:colcon.colcon_notification.desktop_notification.notify2:Failed to initialize notify2: org.freedesktop.DBus.Error.Spawn.ExecFailed: /usr/bin/dbus-launch terminated abnormally without any error message
[7.353s] DEBUG:colcon.colcon_core.event_reactor:joined thread
[7.354s] INFO:colcon.colcon_core.shell:Creating prefix script '/home/Nada/ros2_ws/install/local_setup.ps1'
[7.378s] INFO:colcon.colcon_core.shell:Creating prefix util module '/home/Nada/ros2_ws/install/_local_setup_util_ps1.py'
[7.395s] INFO:colcon.colcon_core.shell:Creating prefix chain script '/home/Nada/ros2_ws/install/setup.ps1'
[7.487s] INFO:colcon.colcon_core.shell:Creating prefix script '/home/Nada/ros2_ws/install/local_setup.sh'
[7.517s] INFO:colcon.colcon_core.shell:Creating prefix util module '/home/Nada/ros2_ws/install/_local_setup_util_sh.py'
[7.533s] INFO:colcon.colcon_core.shell:Creating prefix chain script '/home/Nada/ros2_ws/install/setup.sh'
[7.594s] INFO:colcon.colcon_core.shell:Creating prefix script '/home/Nada/ros2_ws/install/local_setup.bash'
[7.613s] INFO:colcon.colcon_core.shell:Creating prefix chain script '/home/Nada/ros2_ws/install/setup.bash'
[7.659s] INFO:colcon.colcon_core.shell:Creating prefix script '/home/Nada/ros2_ws/install/local_setup.zsh'
[7.683s] INFO:colcon.colcon_core.shell:Creating prefix chain script '/home/Nada/ros2_ws/install/setup.zsh'
