[3.010s] Invoking command in '/home/Nada/ros2_ws/ros2_ws/src/mypkg': PYTHONPATH=/home/Nada/ros2_ws/build/mypkg/prefix_override:/usr/lib/python3/dist-packages/colcon_core/task/python/colcon_distutils_commands:/home/Nada/ros2_ws/install/mypkg/lib/python3.10/site-packages:${PYTHONPATH} /usr/bin/python3 -W ignore:setup.py install is deprecated -W ignore:easy_install command is deprecated setup.py egg_info --egg-base ../../../build/mypkg build --build-base /home/Nada/ros2_ws/build/mypkg/build install --record /home/Nada/ros2_ws/build/mypkg/install.log --single-version-externally-managed install_data
[4.553s] running egg_info
[4.562s] writing ../../../build/mypkg/mypkg.egg-info/PKG-INFO
[4.579s] writing dependency_links to ../../../build/mypkg/mypkg.egg-info/dependency_links.txt
[4.595s] writing entry points to ../../../build/mypkg/mypkg.egg-info/entry_points.txt
[4.611s] writing requirements to ../../../build/mypkg/mypkg.egg-info/requires.txt
[4.620s] writing top-level names to ../../../build/mypkg/mypkg.egg-info/top_level.txt
[4.684s] reading manifest file '../../../build/mypkg/mypkg.egg-info/SOURCES.txt'
[4.833s] writing manifest file '../../../build/mypkg/mypkg.egg-info/SOURCES.txt'
[4.840s] running build
[4.842s] running build_py
[5.054s] running install
[5.057s] running install_lib
[5.521s] running install_data
[5.557s] running install_egg_info
[5.563s] removing '/home/Nada/ros2_ws/install/mypkg/lib/python3.10/site-packages/mypkg-0.0.0-py3.10.egg-info' (and everything under it)
[5.653s] Copying ../../../build/mypkg/mypkg.egg-info to /home/Nada/ros2_ws/install/mypkg/lib/python3.10/site-packages/mypkg-0.0.0-py3.10.egg-info
[6.067s] running install_scripts
[6.159s] Installing client script to /home/Nada/ros2_ws/install/mypkg/lib/mypkg
[6.175s] Installing my_node script to /home/Nada/ros2_ws/install/mypkg/lib/mypkg
[6.193s] Installing oop_node script to /home/Nada/ros2_ws/install/mypkg/lib/mypkg
[6.210s] Installing publisher script to /home/Nada/ros2_ws/install/mypkg/lib/mypkg
[6.234s] Installing server script to /home/Nada/ros2_ws/install/mypkg/lib/mypkg
[6.251s] Installing sub script to /home/Nada/ros2_ws/install/mypkg/lib/mypkg
[6.274s] writing list of installed files to '/home/Nada/ros2_ws/build/mypkg/install.log'
[6.299s] Invoked command in '/home/Nada/ros2_ws/ros2_ws/src/mypkg' returned '0': PYTHONPATH=/home/Nada/ros2_ws/build/mypkg/prefix_override:/usr/lib/python3/dist-packages/colcon_core/task/python/colcon_distutils_commands:/home/Nada/ros2_ws/install/mypkg/lib/python3.10/site-packages:${PYTHONPATH} /usr/bin/python3 -W ignore:setup.py install is deprecated -W ignore:easy_install command is deprecated setup.py egg_info --egg-base ../../../build/mypkg build --build-base /home/Nada/ros2_ws/build/mypkg/build install --record /home/Nada/ros2_ws/build/mypkg/install.log --single-version-externally-managed install_data
