[6.263s] Invoking command in '/home/Nada/ros2_ws/ros2_ws/src/mypkg': PYTHONPATH=/home/Nada/ros2_ws/build/mypkg/prefix_override:/usr/lib/python3/dist-packages/colcon_core/task/python/colcon_distutils_commands:/home/Nada/ros2_ws/install/mypkg/lib/python3.10/site-packages:${PYTHONPATH} /usr/bin/python3 -W ignore:setup.py install is deprecated -W ignore:easy_install command is deprecated setup.py egg_info --egg-base ../../../build/mypkg build --build-base /home/Nada/ros2_ws/build/mypkg/build install --record /home/Nada/ros2_ws/build/mypkg/install.log --single-version-externally-managed install_data
[8.342s] running egg_info
[8.346s] writing ../../../build/mypkg/mypkg.egg-info/PKG-INFO
[8.354s] writing dependency_links to ../../../build/mypkg/mypkg.egg-info/dependency_links.txt
[8.367s] writing entry points to ../../../build/mypkg/mypkg.egg-info/entry_points.txt
[8.378s] writing requirements to ../../../build/mypkg/mypkg.egg-info/requires.txt
[8.384s] writing top-level names to ../../../build/mypkg/mypkg.egg-info/top_level.txt
[8.433s] reading manifest file '../../../build/mypkg/mypkg.egg-info/SOURCES.txt'
[8.528s] writing manifest file '../../../build/mypkg/mypkg.egg-info/SOURCES.txt'
[8.529s] running build
[8.530s] running build_py
[8.573s] running install
[8.574s] running install_lib
[9.144s] running install_data
[9.165s] running install_egg_info
[9.175s] removing '/home/Nada/ros2_ws/install/mypkg/lib/python3.10/site-packages/mypkg-0.0.0-py3.10.egg-info' (and everything under it)
[9.766s] Copying ../../../build/mypkg/mypkg.egg-info to /home/Nada/ros2_ws/install/mypkg/lib/python3.10/site-packages/mypkg-0.0.0-py3.10.egg-info
[10.449s] running install_scripts
[10.519s] Installing my_node script to /home/Nada/ros2_ws/install/mypkg/lib/mypkg
[10.528s] Installing oop_node script to /home/Nada/ros2_ws/install/mypkg/lib/mypkg
[10.538s] Installing publisher script to /home/Nada/ros2_ws/install/mypkg/lib/mypkg
[10.550s] Installing sub script to /home/Nada/ros2_ws/install/mypkg/lib/mypkg
[10.563s] writing list of installed files to '/home/Nada/ros2_ws/build/mypkg/install.log'
[10.607s] Invoked command in '/home/Nada/ros2_ws/ros2_ws/src/mypkg' returned '0': PYTHONPATH=/home/Nada/ros2_ws/build/mypkg/prefix_override:/usr/lib/python3/dist-packages/colcon_core/task/python/colcon_distutils_commands:/home/Nada/ros2_ws/install/mypkg/lib/python3.10/site-packages:${PYTHONPATH} /usr/bin/python3 -W ignore:setup.py install is deprecated -W ignore:easy_install command is deprecated setup.py egg_info --egg-base ../../../build/mypkg build --build-base /home/Nada/ros2_ws/build/mypkg/build install --record /home/Nada/ros2_ws/build/mypkg/install.log --single-version-externally-managed install_data
