[2.895s] Invoking command in '/home/Nada/ros2_ws/ros2_ws/src/mypkg': PYTHONPATH=/home/Nada/ros2_ws/build/mypkg/prefix_override:/usr/lib/python3/dist-packages/colcon_core/task/python/colcon_distutils_commands:/home/Nada/ros2_ws/install/mypkg/lib/python3.10/site-packages:${PYTHONPATH} /usr/bin/python3 -W ignore:setup.py install is deprecated -W ignore:easy_install command is deprecated setup.py egg_info --egg-base ../../../build/mypkg build --build-base /home/Nada/ros2_ws/build/mypkg/build install --record /home/Nada/ros2_ws/build/mypkg/install.log --single-version-externally-managed install_data
[3.943s] running egg_info
[3.947s] writing ../../../build/mypkg/mypkg.egg-info/PKG-INFO
[3.957s] writing dependency_links to ../../../build/mypkg/mypkg.egg-info/dependency_links.txt
[3.964s] writing entry points to ../../../build/mypkg/mypkg.egg-info/entry_points.txt
[3.981s] writing requirements to ../../../build/mypkg/mypkg.egg-info/requires.txt
[3.990s] writing top-level names to ../../../build/mypkg/mypkg.egg-info/top_level.txt
[4.022s] reading manifest file '../../../build/mypkg/mypkg.egg-info/SOURCES.txt'
[4.084s] writing manifest file '../../../build/mypkg/mypkg.egg-info/SOURCES.txt'
[4.087s] running build
[4.089s] running build_py
[4.167s] running install
[4.168s] running install_lib
[5.042s] running install_data
[5.045s] running install_egg_info
[5.059s] removing '/home/Nada/ros2_ws/install/mypkg/lib/python3.10/site-packages/mypkg-0.0.0-py3.10.egg-info' (and everything under it)
[5.121s] Copying ../../../build/mypkg/mypkg.egg-info to /home/Nada/ros2_ws/install/mypkg/lib/python3.10/site-packages/mypkg-0.0.0-py3.10.egg-info
[5.420s] running install_scripts
[5.479s] Installing client script to /home/Nada/ros2_ws/install/mypkg/lib/mypkg
[5.488s] Installing my_node script to /home/Nada/ros2_ws/install/mypkg/lib/mypkg
[5.497s] Installing oop_node script to /home/Nada/ros2_ws/install/mypkg/lib/mypkg
[5.544s] Installing publisher script to /home/Nada/ros2_ws/install/mypkg/lib/mypkg
[5.571s] Installing server script to /home/Nada/ros2_ws/install/mypkg/lib/mypkg
[5.591s] Installing sub script to /home/Nada/ros2_ws/install/mypkg/lib/mypkg
[5.615s] writing list of installed files to '/home/Nada/ros2_ws/build/mypkg/install.log'
[5.639s] Invoked command in '/home/Nada/ros2_ws/ros2_ws/src/mypkg' returned '0': PYTHONPATH=/home/Nada/ros2_ws/build/mypkg/prefix_override:/usr/lib/python3/dist-packages/colcon_core/task/python/colcon_distutils_commands:/home/Nada/ros2_ws/install/mypkg/lib/python3.10/site-packages:${PYTHONPATH} /usr/bin/python3 -W ignore:setup.py install is deprecated -W ignore:easy_install command is deprecated setup.py egg_info --egg-base ../../../build/mypkg build --build-base /home/Nada/ros2_ws/build/mypkg/build install --record /home/Nada/ros2_ws/build/mypkg/install.log --single-version-externally-managed install_data
