[2.630s] Invoking command in '/home/Nada/ros2_ws/ros2_ws/src/mypkg': PYTHONPATH=/home/Nada/ros2_ws/build/mypkg/prefix_override:/usr/lib/python3/dist-packages/colcon_core/task/python/colcon_distutils_commands:/home/Nada/ros2_ws/install/mypkg/lib/python3.10/site-packages:${PYTHONPATH} /usr/bin/python3 -W ignore:setup.py install is deprecated -W ignore:easy_install command is deprecated setup.py egg_info --egg-base ../../../build/mypkg build --build-base /home/Nada/ros2_ws/build/mypkg/build install --record /home/Nada/ros2_ws/build/mypkg/install.log --single-version-externally-managed install_data
[4.509s] running egg_info
[4.560s] writing ../../../build/mypkg/mypkg.egg-info/PKG-INFO
[4.603s] writing dependency_links to ../../../build/mypkg/mypkg.egg-info/dependency_links.txt
[4.626s] writing entry points to ../../../build/mypkg/mypkg.egg-info/entry_points.txt
[4.648s] writing requirements to ../../../build/mypkg/mypkg.egg-info/requires.txt
[4.660s] writing top-level names to ../../../build/mypkg/mypkg.egg-info/top_level.txt
[4.811s] reading manifest file '../../../build/mypkg/mypkg.egg-info/SOURCES.txt'
[5.554s] writing manifest file '../../../build/mypkg/mypkg.egg-info/SOURCES.txt'
[5.558s] running build
[5.561s] running build_py
[5.905s] copying mypkg/publisher.py -> /home/Nada/ros2_ws/build/mypkg/build/lib/mypkg
[6.224s] copying mypkg/sub.py -> /home/Nada/ros2_ws/build/mypkg/build/lib/mypkg
[6.356s] running install
[6.357s] running install_lib
[6.471s] copying /home/Nada/ros2_ws/build/mypkg/build/lib/mypkg/publisher.py -> /home/Nada/ros2_ws/install/mypkg/lib/python3.10/site-packages/mypkg
[6.528s] copying /home/Nada/ros2_ws/build/mypkg/build/lib/mypkg/sub.py -> /home/Nada/ros2_ws/install/mypkg/lib/python3.10/site-packages/mypkg
[6.616s] byte-compiling /home/Nada/ros2_ws/install/mypkg/lib/python3.10/site-packages/mypkg/publisher.py to publisher.cpython-310.pyc
[6.749s] byte-compiling /home/Nada/ros2_ws/install/mypkg/lib/python3.10/site-packages/mypkg/sub.py to sub.cpython-310.pyc
[6.844s] running install_data
[6.878s] running install_egg_info
[6.892s] removing '/home/Nada/ros2_ws/install/mypkg/lib/python3.10/site-packages/mypkg-0.0.0-py3.10.egg-info' (and everything under it)
[6.971s] Copying ../../../build/mypkg/mypkg.egg-info to /home/Nada/ros2_ws/install/mypkg/lib/python3.10/site-packages/mypkg-0.0.0-py3.10.egg-info
[7.398s] running install_scripts
[7.480s] Installing client script to /home/Nada/ros2_ws/install/mypkg/lib/mypkg
[7.502s] Installing my_node script to /home/Nada/ros2_ws/install/mypkg/lib/mypkg
[7.526s] Installing oop_node script to /home/Nada/ros2_ws/install/mypkg/lib/mypkg
[7.550s] Installing publisher script to /home/Nada/ros2_ws/install/mypkg/lib/mypkg
[7.578s] Installing server script to /home/Nada/ros2_ws/install/mypkg/lib/mypkg
[7.605s] Installing sub script to /home/Nada/ros2_ws/install/mypkg/lib/mypkg
[7.657s] writing list of installed files to '/home/Nada/ros2_ws/build/mypkg/install.log'
[7.722s] Invoked command in '/home/Nada/ros2_ws/ros2_ws/src/mypkg' returned '0': PYTHONPATH=/home/Nada/ros2_ws/build/mypkg/prefix_override:/usr/lib/python3/dist-packages/colcon_core/task/python/colcon_distutils_commands:/home/Nada/ros2_ws/install/mypkg/lib/python3.10/site-packages:${PYTHONPATH} /usr/bin/python3 -W ignore:setup.py install is deprecated -W ignore:easy_install command is deprecated setup.py egg_info --egg-base ../../../build/mypkg build --build-base /home/Nada/ros2_ws/build/mypkg/build install --record /home/Nada/ros2_ws/build/mypkg/install.log --single-version-externally-managed install_data
