[3.038s] Invoking command in '/home/Nada/ros2_ws/ros2_ws/src/mypkg': PYTHONPATH=/home/Nada/ros2_ws/build/mypkg/prefix_override:/usr/lib/python3/dist-packages/colcon_core/task/python/colcon_distutils_commands:/home/Nada/ros2_ws/install/mypkg/lib/python3.10/site-packages:${PYTHONPATH} /usr/bin/python3 -W ignore:setup.py install is deprecated -W ignore:easy_install command is deprecated setup.py egg_info --egg-base ../../../build/mypkg build --build-base /home/Nada/ros2_ws/build/mypkg/build install --record /home/Nada/ros2_ws/build/mypkg/install.log --single-version-externally-managed install_data
[4.650s] running egg_info
[4.698s] writing ../../../build/mypkg/mypkg.egg-info/PKG-INFO
[4.739s] writing dependency_links to ../../../build/mypkg/mypkg.egg-info/dependency_links.txt
[4.759s] writing entry points to ../../../build/mypkg/mypkg.egg-info/entry_points.txt
[4.780s] writing requirements to ../../../build/mypkg/mypkg.egg-info/requires.txt
[4.792s] writing top-level names to ../../../build/mypkg/mypkg.egg-info/top_level.txt
[4.885s] reading manifest file '../../../build/mypkg/mypkg.egg-info/SOURCES.txt'
[4.990s] writing manifest file '../../../build/mypkg/mypkg.egg-info/SOURCES.txt'
[4.991s] running build
[4.991s] running build_py
[5.036s] running install
[5.037s] running install_lib
[5.234s] running install_data
[5.236s] running install_egg_info
[5.243s] removing '/home/Nada/ros2_ws/install/mypkg/lib/python3.10/site-packages/mypkg-0.0.0-py3.10.egg-info' (and everything under it)
[5.336s] Copying ../../../build/mypkg/mypkg.egg-info to /home/Nada/ros2_ws/install/mypkg/lib/python3.10/site-packages/mypkg-0.0.0-py3.10.egg-info
[5.921s] running install_scripts
[5.987s] Installing client script to /home/Nada/ros2_ws/install/mypkg/lib/mypkg
[5.997s] Installing my_node script to /home/Nada/ros2_ws/install/mypkg/lib/mypkg
[6.009s] Installing oop_node script to /home/Nada/ros2_ws/install/mypkg/lib/mypkg
[6.020s] Installing publisher script to /home/Nada/ros2_ws/install/mypkg/lib/mypkg
[6.031s] Installing server script to /home/Nada/ros2_ws/install/mypkg/lib/mypkg
[6.044s] Installing sub script to /home/Nada/ros2_ws/install/mypkg/lib/mypkg
[6.073s] writing list of installed files to '/home/Nada/ros2_ws/build/mypkg/install.log'
[6.126s] Invoked command in '/home/Nada/ros2_ws/ros2_ws/src/mypkg' returned '0': PYTHONPATH=/home/Nada/ros2_ws/build/mypkg/prefix_override:/usr/lib/python3/dist-packages/colcon_core/task/python/colcon_distutils_commands:/home/Nada/ros2_ws/install/mypkg/lib/python3.10/site-packages:${PYTHONPATH} /usr/bin/python3 -W ignore:setup.py install is deprecated -W ignore:easy_install command is deprecated setup.py egg_info --egg-base ../../../build/mypkg build --build-base /home/Nada/ros2_ws/build/mypkg/build install --record /home/Nada/ros2_ws/build/mypkg/install.log --single-version-externally-managed install_data
