[3.198s] Invoking command in '/home/Nada/ros2_ws/ros2_ws/src/mypkg': PYTHONPATH=/home/Nada/ros2_ws/build/mypkg/prefix_override:/usr/lib/python3/dist-packages/colcon_core/task/python/colcon_distutils_commands:/home/Nada/ros2_ws/install/mypkg/lib/python3.10/site-packages:${PYTHONPATH} /usr/bin/python3 -W ignore:setup.py install is deprecated -W ignore:easy_install command is deprecated setup.py egg_info --egg-base ../../../build/mypkg build --build-base /home/Nada/ros2_ws/build/mypkg/build install --record /home/Nada/ros2_ws/build/mypkg/install.log --single-version-externally-managed install_data
[5.409s] running egg_info
[5.418s] writing ../../../build/mypkg/mypkg.egg-info/PKG-INFO
[5.428s] writing dependency_links to ../../../build/mypkg/mypkg.egg-info/dependency_links.txt
[5.438s] writing entry points to ../../../build/mypkg/mypkg.egg-info/entry_points.txt
[5.446s] writing requirements to ../../../build/mypkg/mypkg.egg-info/requires.txt
[5.451s] writing top-level names to ../../../build/mypkg/mypkg.egg-info/top_level.txt
[5.501s] reading manifest file '../../../build/mypkg/mypkg.egg-info/SOURCES.txt'
[5.609s] writing manifest file '../../../build/mypkg/mypkg.egg-info/SOURCES.txt'
[5.616s] running build
[5.618s] running build_py
[5.636s] copying mypkg/client.py -> /home/Nada/ros2_ws/build/mypkg/build/lib/mypkg
[5.744s] running install
[5.745s] running install_lib
[5.785s] copying /home/Nada/ros2_ws/build/mypkg/build/lib/mypkg/client.py -> /home/Nada/ros2_ws/install/mypkg/lib/python3.10/site-packages/mypkg
[5.945s] byte-compiling /home/Nada/ros2_ws/install/mypkg/lib/python3.10/site-packages/mypkg/client.py to client.cpython-310.pyc
[6.103s] running install_data
[6.127s] running install_egg_info
[6.136s] removing '/home/Nada/ros2_ws/install/mypkg/lib/python3.10/site-packages/mypkg-0.0.0-py3.10.egg-info' (and everything under it)
[6.195s] Copying ../../../build/mypkg/mypkg.egg-info to /home/Nada/ros2_ws/install/mypkg/lib/python3.10/site-packages/mypkg-0.0.0-py3.10.egg-info
[6.546s] running install_scripts
[6.630s] Installing client script to /home/Nada/ros2_ws/install/mypkg/lib/mypkg
[6.646s] Installing my_node script to /home/Nada/ros2_ws/install/mypkg/lib/mypkg
[6.655s] Installing oop_node script to /home/Nada/ros2_ws/install/mypkg/lib/mypkg
[6.667s] Installing publisher script to /home/Nada/ros2_ws/install/mypkg/lib/mypkg
[6.682s] Installing server script to /home/Nada/ros2_ws/install/mypkg/lib/mypkg
[6.690s] Installing sub script to /home/Nada/ros2_ws/install/mypkg/lib/mypkg
[6.709s] writing list of installed files to '/home/Nada/ros2_ws/build/mypkg/install.log'
[6.754s] Invoked command in '/home/Nada/ros2_ws/ros2_ws/src/mypkg' returned '0': PYTHONPATH=/home/Nada/ros2_ws/build/mypkg/prefix_override:/usr/lib/python3/dist-packages/colcon_core/task/python/colcon_distutils_commands:/home/Nada/ros2_ws/install/mypkg/lib/python3.10/site-packages:${PYTHONPATH} /usr/bin/python3 -W ignore:setup.py install is deprecated -W ignore:easy_install command is deprecated setup.py egg_info --egg-base ../../../build/mypkg build --build-base /home/Nada/ros2_ws/build/mypkg/build install --record /home/Nada/ros2_ws/build/mypkg/install.log --single-version-externally-managed install_data
