[3.130s] Invoking command in '/home/Nada/ros2_ws/ros2_ws/src/mypkg': PYTHONPATH=/home/Nada/ros2_ws/build/mypkg/prefix_override:/usr/lib/python3/dist-packages/colcon_core/task/python/colcon_distutils_commands:/home/Nada/ros2_ws/install/mypkg/lib/python3.10/site-packages:${PYTHONPATH} /usr/bin/python3 -W ignore:setup.py install is deprecated -W ignore:easy_install command is deprecated setup.py egg_info --egg-base ../../../build/mypkg build --build-base /home/Nada/ros2_ws/build/mypkg/build install --record /home/Nada/ros2_ws/build/mypkg/install.log --single-version-externally-managed install_data
[3.899s] running egg_info
[3.928s] writing ../../../build/mypkg/mypkg.egg-info/PKG-INFO
[3.929s] writing dependency_links to ../../../build/mypkg/mypkg.egg-info/dependency_links.txt
[3.936s] writing entry points to ../../../build/mypkg/mypkg.egg-info/entry_points.txt
[3.950s] writing requirements to ../../../build/mypkg/mypkg.egg-info/requires.txt
[3.958s] writing top-level names to ../../../build/mypkg/mypkg.egg-info/top_level.txt
[3.993s] reading manifest file '../../../build/mypkg/mypkg.egg-info/SOURCES.txt'
[4.073s] writing manifest file '../../../build/mypkg/mypkg.egg-info/SOURCES.txt'
[4.074s] running build
[4.075s] running build_py
[4.119s] running install
[4.120s] running install_lib
[4.347s] running install_data
[4.347s] running install_egg_info
[4.354s] removing '/home/Nada/ros2_ws/install/mypkg/lib/python3.10/site-packages/mypkg-0.0.0-py3.10.egg-info' (and everything under it)
[4.402s] Copying ../../../build/mypkg/mypkg.egg-info to /home/Nada/ros2_ws/install/mypkg/lib/python3.10/site-packages/mypkg-0.0.0-py3.10.egg-info
[4.784s] running install_scripts
[4.839s] Installing client script to /home/Nada/ros2_ws/install/mypkg/lib/mypkg
[4.853s] Installing my_node script to /home/Nada/ros2_ws/install/mypkg/lib/mypkg
[4.862s] Installing oop_node script to /home/Nada/ros2_ws/install/mypkg/lib/mypkg
[4.874s] Installing publisher script to /home/Nada/ros2_ws/install/mypkg/lib/mypkg
[4.883s] Installing server script to /home/Nada/ros2_ws/install/mypkg/lib/mypkg
[4.901s] Installing sub script to /home/Nada/ros2_ws/install/mypkg/lib/mypkg
[4.910s] writing list of installed files to '/home/Nada/ros2_ws/build/mypkg/install.log'
[4.954s] Invoked command in '/home/Nada/ros2_ws/ros2_ws/src/mypkg' returned '0': PYTHONPATH=/home/Nada/ros2_ws/build/mypkg/prefix_override:/usr/lib/python3/dist-packages/colcon_core/task/python/colcon_distutils_commands:/home/Nada/ros2_ws/install/mypkg/lib/python3.10/site-packages:${PYTHONPATH} /usr/bin/python3 -W ignore:setup.py install is deprecated -W ignore:easy_install command is deprecated setup.py egg_info --egg-base ../../../build/mypkg build --build-base /home/Nada/ros2_ws/build/mypkg/build install --record /home/Nada/ros2_ws/build/mypkg/install.log --single-version-externally-managed install_data
