[4.680s] Invoking command in '/home/Nada/ros2_ws/ros2_ws/src/mypkg': PYTHONPATH=/home/Nada/ros2_ws/build/mypkg/prefix_override:/usr/lib/python3/dist-packages/colcon_core/task/python/colcon_distutils_commands:/home/Nada/ros2_ws/install/mypkg/lib/python3.10/site-packages:${PYTHONPATH} /usr/bin/python3 -W ignore:setup.py install is deprecated -W ignore:easy_install command is deprecated setup.py egg_info --egg-base ../../../build/mypkg build --build-base /home/Nada/ros2_ws/build/mypkg/build install --record /home/Nada/ros2_ws/build/mypkg/install.log --single-version-externally-managed install_data
[6.522s] running egg_info
[6.619s] writing ../../../build/mypkg/mypkg.egg-info/PKG-INFO
[6.730s] writing dependency_links to ../../../build/mypkg/mypkg.egg-info/dependency_links.txt
[6.789s] writing entry points to ../../../build/mypkg/mypkg.egg-info/entry_points.txt
[6.815s] writing requirements to ../../../build/mypkg/mypkg.egg-info/requires.txt
[6.834s] writing top-level names to ../../../build/mypkg/mypkg.egg-info/top_level.txt
[7.004s] reading manifest file '../../../build/mypkg/mypkg.egg-info/SOURCES.txt'
[7.185s] writing manifest file '../../../build/mypkg/mypkg.egg-info/SOURCES.txt'
[7.193s] running build
[7.195s] running build_py
[7.228s] copying mypkg/client.py -> /home/Nada/ros2_ws/build/mypkg/build/lib/mypkg
[7.402s] running install
[7.404s] running install_lib
[7.477s] copying /home/Nada/ros2_ws/build/mypkg/build/lib/mypkg/client.py -> /home/Nada/ros2_ws/install/mypkg/lib/python3.10/site-packages/mypkg
[7.861s] byte-compiling /home/Nada/ros2_ws/install/mypkg/lib/python3.10/site-packages/mypkg/client.py to client.cpython-310.pyc
[8.151s] running install_data
[8.196s] running install_egg_info
[8.204s] removing '/home/Nada/ros2_ws/install/mypkg/lib/python3.10/site-packages/mypkg-0.0.0-py3.10.egg-info' (and everything under it)
[8.308s] Copying ../../../build/mypkg/mypkg.egg-info to /home/Nada/ros2_ws/install/mypkg/lib/python3.10/site-packages/mypkg-0.0.0-py3.10.egg-info
[8.999s] running install_scripts
[9.167s] Installing client script to /home/Nada/ros2_ws/install/mypkg/lib/mypkg
[9.193s] Installing my_node script to /home/Nada/ros2_ws/install/mypkg/lib/mypkg
[9.225s] Installing oop_node script to /home/Nada/ros2_ws/install/mypkg/lib/mypkg
[9.255s] Installing publisher script to /home/Nada/ros2_ws/install/mypkg/lib/mypkg
[9.288s] Installing server script to /home/Nada/ros2_ws/install/mypkg/lib/mypkg
[9.315s] Installing sub script to /home/Nada/ros2_ws/install/mypkg/lib/mypkg
[9.374s] writing list of installed files to '/home/Nada/ros2_ws/build/mypkg/install.log'
[9.399s] Invoked command in '/home/Nada/ros2_ws/ros2_ws/src/mypkg' returned '0': PYTHONPATH=/home/Nada/ros2_ws/build/mypkg/prefix_override:/usr/lib/python3/dist-packages/colcon_core/task/python/colcon_distutils_commands:/home/Nada/ros2_ws/install/mypkg/lib/python3.10/site-packages:${PYTHONPATH} /usr/bin/python3 -W ignore:setup.py install is deprecated -W ignore:easy_install command is deprecated setup.py egg_info --egg-base ../../../build/mypkg build --build-base /home/Nada/ros2_ws/build/mypkg/build install --record /home/Nada/ros2_ws/build/mypkg/install.log --single-version-externally-managed install_data
