[0.804s] DEBUG:colcon:Command line arguments: ['/usr/bin/colcon', 'build']
[0.806s] DEBUG:colcon:Parsed command line arguments: Namespace(log_base=None, log_level=None, verb_name='build', build_base='build', install_base='install', merge_install=False, symlink_install=False, test_result_base=None, continue_on_error=False, executor='parallel', parallel_workers=20, event_handlers=None, ignore_user_meta=False, metas=['./colcon.meta'], base_paths=['.'], packages_ignore=None, packages_ignore_regex=None, paths=None, packages_up_to=None, packages_up_to_regex=None, packages_above=None, packages_above_and_dependencies=None, packages_above_depth=None, packages_select_by_dep=None, packages_skip_by_dep=None, packages_skip_up_to=None, packages_select_build_failed=False, packages_skip_build_finished=False, packages_select_test_failures=False, packages_skip_test_passed=False, packages_select=None, packages_skip=None, packages_select_regex=None, packages_skip_regex=None, packages_start=None, packages_end=None, cmake_args=None, cmake_target=None, cmake_target_skip_unavailable=False, cmake_clean_cache=False, cmake_clean_first=False, cmake_force_configure=False, ament_cmake_args=None, catkin_cmake_args=None, catkin_skip_building_tests=False, mixin_files=None, mixin=None, verb_parser=<colcon_mixin.mixin.mixin_argument.MixinArgumentDecorator object at 0x7a323e3a8100>, verb_extension=<colcon_core.verb.build.BuildVerb object at 0x7a323e373730>, main=<bound method BuildVerb.main of <colcon_core.verb.build.BuildVerb object at 0x7a323e373730>>, mixin_verb=('build',))
[1.367s] Level 1:colcon.colcon_core.package_discovery:discover_packages(colcon_meta) check parameters
[1.368s] Level 1:colcon.colcon_core.package_discovery:discover_packages(recursive) check parameters
[1.369s] Level 1:colcon.colcon_core.package_discovery:discover_packages(ignore) check parameters
[1.369s] Level 1:colcon.colcon_core.package_discovery:discover_packages(path) check parameters
[1.370s] Level 1:colcon.colcon_core.package_discovery:discover_packages(colcon_meta) discover
[1.371s] Level 1:colcon.colcon_core.package_discovery:discover_packages(recursive) discover
[1.371s] INFO:colcon.colcon_core.package_discovery:Crawling recursively for packages in '/home/Nada/ros2_ws'
[1.375s] Level 1:colcon.colcon_core.package_identification:_identify(.) by extensions ['ignore', 'ignore_ament_install']
[1.376s] Level 1:colcon.colcon_core.package_identification:_identify(.) by extension 'ignore'
[1.377s] Level 1:colcon.colcon_core.package_identification:_identify(.) by extension 'ignore_ament_install'
[1.378s] Level 1:colcon.colcon_core.package_identification:_identify(.) by extensions ['colcon_pkg']
[1.379s] Level 1:colcon.colcon_core.package_identification:_identify(.) by extension 'colcon_pkg'
[1.380s] Level 1:colcon.colcon_core.package_identification:_identify(.) by extensions ['colcon_meta']
[1.380s] Level 1:colcon.colcon_core.package_identification:_identify(.) by extension 'colcon_meta'
[1.381s] Level 1:colcon.colcon_core.package_identification:_identify(.) by extensions ['ros']
[1.381s] Level 1:colcon.colcon_core.package_identification:_identify(.) by extension 'ros'
[1.409s] Level 1:colcon.colcon_core.package_identification:_identify(.) by extensions ['cmake', 'python']
[1.409s] Level 1:colcon.colcon_core.package_identification:_identify(.) by extension 'cmake'
[1.410s] Level 1:colcon.colcon_core.package_identification:_identify(.) by extension 'python'
[1.411s] Level 1:colcon.colcon_core.package_identification:_identify(.) by extensions ['python_setup_py']
[1.411s] Level 1:colcon.colcon_core.package_identification:_identify(.) by extension 'python_setup_py'
[1.433s] Level 1:colcon.colcon_core.package_identification:_identify(build) by extensions ['ignore', 'ignore_ament_install']
[1.433s] Level 1:colcon.colcon_core.package_identification:_identify(build) by extension 'ignore'
[1.451s] Level 1:colcon.colcon_core.package_identification:_identify(build) ignored
[1.479s] Level 1:colcon.colcon_core.package_identification:_identify(install) by extensions ['ignore', 'ignore_ament_install']
[1.480s] Level 1:colcon.colcon_core.package_identification:_identify(install) by extension 'ignore'
[1.493s] Level 1:colcon.colcon_core.package_identification:_identify(install) ignored
[1.541s] Level 1:colcon.colcon_core.package_identification:_identify(log) by extensions ['ignore', 'ignore_ament_install']
[1.542s] Level 1:colcon.colcon_core.package_identification:_identify(log) by extension 'ignore'
[1.545s] Level 1:colcon.colcon_core.package_identification:_identify(log) ignored
[1.553s] Level 1:colcon.colcon_core.package_identification:_identify(ros2_ws) by extensions ['ignore', 'ignore_ament_install']
[1.554s] Level 1:colcon.colcon_core.package_identification:_identify(ros2_ws) by extension 'ignore'
[1.556s] Level 1:colcon.colcon_core.package_identification:_identify(ros2_ws) by extension 'ignore_ament_install'
[1.561s] Level 1:colcon.colcon_core.package_identification:_identify(ros2_ws) by extensions ['colcon_pkg']
[1.562s] Level 1:colcon.colcon_core.package_identification:_identify(ros2_ws) by extension 'colcon_pkg'
[1.565s] Level 1:colcon.colcon_core.package_identification:_identify(ros2_ws) by extensions ['colcon_meta']
[1.565s] Level 1:colcon.colcon_core.package_identification:_identify(ros2_ws) by extension 'colcon_meta'
[1.568s] Level 1:colcon.colcon_core.package_identification:_identify(ros2_ws) by extensions ['ros']
[1.569s] Level 1:colcon.colcon_core.package_identification:_identify(ros2_ws) by extension 'ros'
[1.578s] Level 1:colcon.colcon_core.package_identification:_identify(ros2_ws) by extensions ['cmake', 'python']
[1.579s] Level 1:colcon.colcon_core.package_identification:_identify(ros2_ws) by extension 'cmake'
[1.582s] Level 1:colcon.colcon_core.package_identification:_identify(ros2_ws) by extension 'python'
[1.585s] Level 1:colcon.colcon_core.package_identification:_identify(ros2_ws) by extensions ['python_setup_py']
[1.585s] Level 1:colcon.colcon_core.package_identification:_identify(ros2_ws) by extension 'python_setup_py'
[1.605s] Level 1:colcon.colcon_core.package_identification:_identify(ros2_ws/build) by extensions ['ignore', 'ignore_ament_install']
[1.606s] Level 1:colcon.colcon_core.package_identification:_identify(ros2_ws/build) by extension 'ignore'
[1.613s] Level 1:colcon.colcon_core.package_identification:_identify(ros2_ws/build) ignored
[1.625s] Level 1:colcon.colcon_core.package_identification:_identify(ros2_ws/install) by extensions ['ignore', 'ignore_ament_install']
[1.626s] Level 1:colcon.colcon_core.package_identification:_identify(ros2_ws/install) by extension 'ignore'
[1.631s] Level 1:colcon.colcon_core.package_identification:_identify(ros2_ws/install) ignored
[1.660s] Level 1:colcon.colcon_core.package_identification:_identify(ros2_ws/log) by extensions ['ignore', 'ignore_ament_install']
[1.661s] Level 1:colcon.colcon_core.package_identification:_identify(ros2_ws/log) by extension 'ignore'
[1.670s] Level 1:colcon.colcon_core.package_identification:_identify(ros2_ws/log) ignored
[1.690s] Level 1:colcon.colcon_core.package_identification:_identify(ros2_ws/src) by extensions ['ignore', 'ignore_ament_install']
[1.691s] Level 1:colcon.colcon_core.package_identification:_identify(ros2_ws/src) by extension 'ignore'
[1.698s] Level 1:colcon.colcon_core.package_identification:_identify(ros2_ws/src) by extension 'ignore_ament_install'
[1.710s] Level 1:colcon.colcon_core.package_identification:_identify(ros2_ws/src) by extensions ['colcon_pkg']
[1.711s] Level 1:colcon.colcon_core.package_identification:_identify(ros2_ws/src) by extension 'colcon_pkg'
[1.718s] Level 1:colcon.colcon_core.package_identification:_identify(ros2_ws/src) by extensions ['colcon_meta']
[1.719s] Level 1:colcon.colcon_core.package_identification:_identify(ros2_ws/src) by extension 'colcon_meta'
[1.728s] Level 1:colcon.colcon_core.package_identification:_identify(ros2_ws/src) by extensions ['ros']
[1.729s] Level 1:colcon.colcon_core.package_identification:_identify(ros2_ws/src) by extension 'ros'
[1.808s] Level 1:colcon.colcon_core.package_identification:_identify(ros2_ws/src) by extensions ['cmake', 'python']
[1.810s] Level 1:colcon.colcon_core.package_identification:_identify(ros2_ws/src) by extension 'cmake'
[1.821s] Level 1:colcon.colcon_core.package_identification:_identify(ros2_ws/src) by extension 'python'
[1.839s] Level 1:colcon.colcon_core.package_identification:_identify(ros2_ws/src) by extensions ['python_setup_py']
[1.841s] Level 1:colcon.colcon_core.package_identification:_identify(ros2_ws/src) by extension 'python_setup_py'
[1.893s] Level 1:colcon.colcon_core.package_identification:_identify(ros2_ws/src/mypkg) by extensions ['ignore', 'ignore_ament_install']
[1.895s] Level 1:colcon.colcon_core.package_identification:_identify(ros2_ws/src/mypkg) by extension 'ignore'
[1.904s] Level 1:colcon.colcon_core.package_identification:_identify(ros2_ws/src/mypkg) by extension 'ignore_ament_install'
[1.921s] Level 1:colcon.colcon_core.package_identification:_identify(ros2_ws/src/mypkg) by extensions ['colcon_pkg']
[1.922s] Level 1:colcon.colcon_core.package_identification:_identify(ros2_ws/src/mypkg) by extension 'colcon_pkg'
[1.943s] Level 1:colcon.colcon_core.package_identification:_identify(ros2_ws/src/mypkg) by extensions ['colcon_meta']
[1.948s] Level 1:colcon.colcon_core.package_identification:_identify(ros2_ws/src/mypkg) by extension 'colcon_meta'
[2.011s] Level 1:colcon.colcon_core.package_identification:_identify(ros2_ws/src/mypkg) by extensions ['ros']
[2.013s] Level 1:colcon.colcon_core.package_identification:_identify(ros2_ws/src/mypkg) by extension 'ros'
[2.271s] DEBUG:colcon.colcon_core.package_identification:Package 'ros2_ws/src/mypkg' with type 'ros.ament_python' and name 'mypkg'
[2.272s] Level 1:colcon.colcon_core.package_discovery:discover_packages(recursive) using defaults
[2.273s] Level 1:colcon.colcon_core.package_discovery:discover_packages(ignore) discover
[2.275s] Level 1:colcon.colcon_core.package_discovery:discover_packages(ignore) using defaults
[2.276s] Level 1:colcon.colcon_core.package_discovery:discover_packages(path) discover
[2.277s] Level 1:colcon.colcon_core.package_discovery:discover_packages(path) using defaults
[2.551s] Level 5:colcon.colcon_core.verb:set package 'mypkg' build argument 'cmake_args' from command line to 'None'
[2.551s] Level 5:colcon.colcon_core.verb:set package 'mypkg' build argument 'cmake_target' from command line to 'None'
[2.552s] Level 5:colcon.colcon_core.verb:set package 'mypkg' build argument 'cmake_target_skip_unavailable' from command line to 'False'
[2.554s] Level 5:colcon.colcon_core.verb:set package 'mypkg' build argument 'cmake_clean_cache' from command line to 'False'
[2.554s] Level 5:colcon.colcon_core.verb:set package 'mypkg' build argument 'cmake_clean_first' from command line to 'False'
[2.557s] Level 5:colcon.colcon_core.verb:set package 'mypkg' build argument 'cmake_force_configure' from command line to 'False'
[2.559s] Level 5:colcon.colcon_core.verb:set package 'mypkg' build argument 'ament_cmake_args' from command line to 'None'
[2.561s] Level 5:colcon.colcon_core.verb:set package 'mypkg' build argument 'catkin_cmake_args' from command line to 'None'
[2.563s] Level 5:colcon.colcon_core.verb:set package 'mypkg' build argument 'catkin_skip_building_tests' from command line to 'False'
[2.564s] DEBUG:colcon.colcon_core.verb:Building package 'mypkg' with the following arguments: {'ament_cmake_args': None, 'build_base': '/home/Nada/ros2_ws/build/mypkg', 'catkin_cmake_args': None, 'catkin_skip_building_tests': False, 'cmake_args': None, 'cmake_clean_cache': False, 'cmake_clean_first': False, 'cmake_force_configure': False, 'cmake_target': None, 'cmake_target_skip_unavailable': False, 'install_base': '/home/Nada/ros2_ws/install/mypkg', 'merge_install': False, 'path': '/home/Nada/ros2_ws/ros2_ws/src/mypkg', 'symlink_install': False, 'test_result_base': None}
[2.566s] INFO:colcon.colcon_core.executor:Executing jobs using 'parallel' executor
[2.569s] DEBUG:colcon.colcon_parallel_executor.executor.parallel:run_until_complete
[2.570s] INFO:colcon.colcon_ros.task.ament_python.build:Building ROS package in '/home/Nada/ros2_ws/ros2_ws/src/mypkg' with build type 'ament_python'
[2.572s] Level 1:colcon.colcon_core.shell:create_environment_hook('mypkg', 'ament_prefix_path')
[2.638s] INFO:colcon.colcon_core.plugin_system:Skipping extension 'colcon_core.shell.bat': Not used on non-Windows systems
[2.642s] INFO:colcon.colcon_core.shell:Creating environment hook '/home/Nada/ros2_ws/install/mypkg/share/mypkg/hook/ament_prefix_path.ps1'
[2.822s] INFO:colcon.colcon_core.shell:Creating environment descriptor '/home/Nada/ros2_ws/install/mypkg/share/mypkg/hook/ament_prefix_path.dsv'
[2.988s] INFO:colcon.colcon_core.shell:Creating environment hook '/home/Nada/ros2_ws/install/mypkg/share/mypkg/hook/ament_prefix_path.sh'
[3.052s] INFO:colcon.colcon_core.shell:Skip shell extension 'powershell' for command environment: Not usable outside of PowerShell
[3.053s] DEBUG:colcon.colcon_core.shell:Skip shell extension 'dsv' for command environment
[6.208s] INFO:colcon.colcon_core.task.python.build:Building Python package in '/home/Nada/ros2_ws/ros2_ws/src/mypkg'
[6.209s] INFO:colcon.colcon_core.shell:Skip shell extension 'powershell' for command environment: Not usable outside of PowerShell
[6.211s] DEBUG:colcon.colcon_core.shell:Skip shell extension 'dsv' for command environment
[8.863s] DEBUG:colcon.colcon_core.event_handler.log_command:Invoking command in '/home/Nada/ros2_ws/ros2_ws/src/mypkg': PYTHONPATH=/home/Nada/ros2_ws/build/mypkg/prefix_override:/usr/lib/python3/dist-packages/colcon_core/task/python/colcon_distutils_commands:/home/Nada/ros2_ws/install/mypkg/lib/python3.10/site-packages:${PYTHONPATH} /usr/bin/python3 -W ignore:setup.py install is deprecated -W ignore:easy_install command is deprecated setup.py egg_info --egg-base ../../../build/mypkg build --build-base /home/Nada/ros2_ws/build/mypkg/build install --record /home/Nada/ros2_ws/build/mypkg/install.log --single-version-externally-managed install_data
[13.200s] DEBUG:colcon.colcon_core.event_handler.log_command:Invoked command in '/home/Nada/ros2_ws/ros2_ws/src/mypkg' returned '0': PYTHONPATH=/home/Nada/ros2_ws/build/mypkg/prefix_override:/usr/lib/python3/dist-packages/colcon_core/task/python/colcon_distutils_commands:/home/Nada/ros2_ws/install/mypkg/lib/python3.10/site-packages:${PYTHONPATH} /usr/bin/python3 -W ignore:setup.py install is deprecated -W ignore:easy_install command is deprecated setup.py egg_info --egg-base ../../../build/mypkg build --build-base /home/Nada/ros2_ws/build/mypkg/build install --record /home/Nada/ros2_ws/build/mypkg/install.log --single-version-externally-managed install_data
[13.246s] Level 1:colcon.colcon_core.environment:checking '/home/Nada/ros2_ws/install/mypkg' for CMake module files
[13.303s] Level 1:colcon.colcon_core.environment:checking '/home/Nada/ros2_ws/install/mypkg' for CMake config files
[13.374s] Level 1:colcon.colcon_core.environment:checking '/home/Nada/ros2_ws/install/mypkg/lib'
[13.376s] Level 1:colcon.colcon_core.environment:checking '/home/Nada/ros2_ws/install/mypkg/bin'
[13.377s] Level 1:colcon.colcon_core.environment:checking '/home/Nada/ros2_ws/install/mypkg/lib/pkgconfig/mypkg.pc'
[13.378s] Level 1:colcon.colcon_core.environment:checking '/home/Nada/ros2_ws/install/mypkg/lib/python3.10/site-packages'
[13.380s] Level 1:colcon.colcon_core.shell:create_environment_hook('mypkg', 'pythonpath')
[13.380s] INFO:colcon.colcon_core.shell:Creating environment hook '/home/Nada/ros2_ws/install/mypkg/share/mypkg/hook/pythonpath.ps1'
[13.392s] INFO:colcon.colcon_core.shell:Creating environment descriptor '/home/Nada/ros2_ws/install/mypkg/share/mypkg/hook/pythonpath.dsv'
[13.405s] INFO:colcon.colcon_core.shell:Creating environment hook '/home/Nada/ros2_ws/install/mypkg/share/mypkg/hook/pythonpath.sh'
[13.422s] Level 1:colcon.colcon_core.environment:checking '/home/Nada/ros2_ws/install/mypkg/bin'
[13.426s] Level 1:colcon.colcon_core.environment:create_environment_scripts_only(mypkg)
[13.428s] INFO:colcon.colcon_core.shell:Creating package script '/home/Nada/ros2_ws/install/mypkg/share/mypkg/package.ps1'
[13.499s] INFO:colcon.colcon_core.shell:Creating package descriptor '/home/Nada/ros2_ws/install/mypkg/share/mypkg/package.dsv'
[13.542s] INFO:colcon.colcon_core.shell:Creating package script '/home/Nada/ros2_ws/install/mypkg/share/mypkg/package.sh'
[13.578s] INFO:colcon.colcon_core.shell:Creating package script '/home/Nada/ros2_ws/install/mypkg/share/mypkg/package.bash'
[13.648s] INFO:colcon.colcon_core.shell:Creating package script '/home/Nada/ros2_ws/install/mypkg/share/mypkg/package.zsh'
[13.692s] Level 1:colcon.colcon_core.environment:create_file_with_runtime_dependencies(/home/Nada/ros2_ws/install/mypkg/share/colcon-core/packages/mypkg)
[13.724s] DEBUG:colcon.colcon_parallel_executor.executor.parallel:closing loop
[13.724s] DEBUG:colcon.colcon_parallel_executor.executor.parallel:loop closed
[13.725s] DEBUG:colcon.colcon_parallel_executor.executor.parallel:run_until_complete finished with '0'
[13.727s] DEBUG:colcon.colcon_core.event_reactor:joining thread
[13.851s] INFO:colcon.colcon_core.plugin_system:Skipping extension 'colcon_notification.desktop_notification.notify_send': Could not find 'notify-send'
[13.852s] INFO:colcon.colcon_core.plugin_system:Skipping extension 'colcon_notification.desktop_notification.terminal_notifier': Not used on non-Darwin systems
[13.854s] INFO:colcon.colcon_core.plugin_system:Skipping extension 'colcon_notification.desktop_notification.win32': Not used on non-Windows systems
[13.855s] INFO:colcon.colcon_notification.desktop_notification:Sending desktop notification using 'notify2'
[13.860s] DEBUG:colcon.colcon_notification.desktop_notification.notify2:Failed to initialize notify2: org.freedesktop.DBus.Error.Spawn.ExecFailed: /usr/bin/dbus-launch terminated abnormally without any error message
[13.861s] DEBUG:colcon.colcon_core.event_reactor:joined thread
[13.862s] INFO:colcon.colcon_core.shell:Creating prefix script '/home/Nada/ros2_ws/install/local_setup.ps1'
[13.899s] INFO:colcon.colcon_core.shell:Creating prefix util module '/home/Nada/ros2_ws/install/_local_setup_util_ps1.py'
[13.930s] INFO:colcon.colcon_core.shell:Creating prefix chain script '/home/Nada/ros2_ws/install/setup.ps1'
[14.003s] INFO:colcon.colcon_core.shell:Creating prefix script '/home/Nada/ros2_ws/install/local_setup.sh'
[14.033s] INFO:colcon.colcon_core.shell:Creating prefix util module '/home/Nada/ros2_ws/install/_local_setup_util_sh.py'
[14.057s] INFO:colcon.colcon_core.shell:Creating prefix chain script '/home/Nada/ros2_ws/install/setup.sh'
[14.167s] INFO:colcon.colcon_core.shell:Creating prefix script '/home/Nada/ros2_ws/install/local_setup.bash'
[14.194s] INFO:colcon.colcon_core.shell:Creating prefix chain script '/home/Nada/ros2_ws/install/setup.bash'
[14.262s] INFO:colcon.colcon_core.shell:Creating prefix script '/home/Nada/ros2_ws/install/local_setup.zsh'
[14.283s] INFO:colcon.colcon_core.shell:Creating prefix chain script '/home/Nada/ros2_ws/install/setup.zsh'
