[2.236s] Invoking command in '/home/Nada/ros2_ws/ros2_ws/src/mypkg': PYTHONPATH=/home/Nada/ros2_ws/build/mypkg/prefix_override:/usr/lib/python3/dist-packages/colcon_core/task/python/colcon_distutils_commands:/home/Nada/ros2_ws/install/mypkg/lib/python3.10/site-packages:${PYTHONPATH} /usr/bin/python3 -W ignore:setup.py install is deprecated -W ignore:easy_install command is deprecated setup.py egg_info --egg-base ../../../build/mypkg build --build-base /home/Nada/ros2_ws/build/mypkg/build install --record /home/Nada/ros2_ws/build/mypkg/install.log --single-version-externally-managed install_data
[3.023s] running egg_info
[3.037s] writing ../../../build/mypkg/mypkg.egg-info/PKG-INFO
[3.063s] writing dependency_links to ../../../build/mypkg/mypkg.egg-info/dependency_links.txt
[3.083s] writing entry points to ../../../build/mypkg/mypkg.egg-info/entry_points.txt
[3.091s] writing requirements to ../../../build/mypkg/mypkg.egg-info/requires.txt
[3.099s] writing top-level names to ../../../build/mypkg/mypkg.egg-info/top_level.txt
[3.146s] reading manifest file '../../../build/mypkg/mypkg.egg-info/SOURCES.txt'
[3.250s] writing manifest file '../../../build/mypkg/mypkg.egg-info/SOURCES.txt'
[3.257s] running build
[3.259s] running build_py
[3.327s] running install
[3.328s] running install_lib
[3.524s] running install_data
[3.524s] running install_egg_info
[3.527s] removing '/home/Nada/ros2_ws/install/mypkg/lib/python3.10/site-packages/mypkg-0.0.0-py3.10.egg-info' (and everything under it)
[3.588s] Copying ../../../build/mypkg/mypkg.egg-info to /home/Nada/ros2_ws/install/mypkg/lib/python3.10/site-packages/mypkg-0.0.0-py3.10.egg-info
[3.936s] running install_scripts
[4.023s] Installing client script to /home/Nada/ros2_ws/install/mypkg/lib/mypkg
[4.052s] Installing my_node script to /home/Nada/ros2_ws/install/mypkg/lib/mypkg
[4.078s] Installing oop_node script to /home/Nada/ros2_ws/install/mypkg/lib/mypkg
[4.098s] Installing publisher script to /home/Nada/ros2_ws/install/mypkg/lib/mypkg
[4.112s] Installing server script to /home/Nada/ros2_ws/install/mypkg/lib/mypkg
[4.131s] Installing sub script to /home/Nada/ros2_ws/install/mypkg/lib/mypkg
[4.142s] writing list of installed files to '/home/Nada/ros2_ws/build/mypkg/install.log'
[4.183s] Invoked command in '/home/Nada/ros2_ws/ros2_ws/src/mypkg' returned '0': PYTHONPATH=/home/Nada/ros2_ws/build/mypkg/prefix_override:/usr/lib/python3/dist-packages/colcon_core/task/python/colcon_distutils_commands:/home/Nada/ros2_ws/install/mypkg/lib/python3.10/site-packages:${PYTHONPATH} /usr/bin/python3 -W ignore:setup.py install is deprecated -W ignore:easy_install command is deprecated setup.py egg_info --egg-base ../../../build/mypkg build --build-base /home/Nada/ros2_ws/build/mypkg/build install --record /home/Nada/ros2_ws/build/mypkg/install.log --single-version-externally-managed install_data
