[2.188s] Invoking command in '/home/Nada/ros2_ws/ros2_ws/src/mypkg': PYTHONPATH=/home/Nada/ros2_ws/build/mypkg/prefix_override:/usr/lib/python3/dist-packages/colcon_core/task/python/colcon_distutils_commands:/home/Nada/ros2_ws/install/mypkg/lib/python3.10/site-packages:${PYTHONPATH} /usr/bin/python3 -W ignore:setup.py install is deprecated -W ignore:easy_install command is deprecated setup.py egg_info --egg-base ../../../build/mypkg build --build-base /home/Nada/ros2_ws/build/mypkg/build install --record /home/Nada/ros2_ws/build/mypkg/install.log --single-version-externally-managed install_data
[3.311s] running egg_info
[3.335s] creating ../../../build/mypkg/mypkg.egg-info
[3.337s] writing ../../../build/mypkg/mypkg.egg-info/PKG-INFO
[3.338s] writing dependency_links to ../../../build/mypkg/mypkg.egg-info/dependency_links.txt
[3.360s] writing entry points to ../../../build/mypkg/mypkg.egg-info/entry_points.txt
[3.373s] writing requirements to ../../../build/mypkg/mypkg.egg-info/requires.txt
[3.390s] writing top-level names to ../../../build/mypkg/mypkg.egg-info/top_level.txt
[3.427s] writing manifest file '../../../build/mypkg/mypkg.egg-info/SOURCES.txt'
[3.483s] reading manifest file '../../../build/mypkg/mypkg.egg-info/SOURCES.txt'
[3.566s] writing manifest file '../../../build/mypkg/mypkg.egg-info/SOURCES.txt'
[3.569s] running build
[3.571s] running build_py
[3.573s] creating /home/Nada/ros2_ws/build/mypkg/build
[3.575s] creating /home/Nada/ros2_ws/build/mypkg/build/lib
[3.577s] creating /home/Nada/ros2_ws/build/mypkg/build/lib/mypkg
[3.583s] copying mypkg/my_node.py -> /home/Nada/ros2_ws/build/mypkg/build/lib/mypkg
[3.644s] copying mypkg/oop_node.py -> /home/Nada/ros2_ws/build/mypkg/build/lib/mypkg
[3.713s] copying mypkg/publisher.py -> /home/Nada/ros2_ws/build/mypkg/build/lib/mypkg
[3.803s] copying mypkg/sub.py -> /home/Nada/ros2_ws/build/mypkg/build/lib/mypkg
[3.875s] copying mypkg/__init__.py -> /home/Nada/ros2_ws/build/mypkg/build/lib/mypkg
[3.937s] running install
[3.939s] running install_lib
[4.000s] creating /home/Nada/ros2_ws/install/mypkg/lib/python3.10/site-packages/mypkg
[4.048s] copying /home/Nada/ros2_ws/build/mypkg/build/lib/mypkg/my_node.py -> /home/Nada/ros2_ws/install/mypkg/lib/python3.10/site-packages/mypkg
[4.101s] copying /home/Nada/ros2_ws/build/mypkg/build/lib/mypkg/oop_node.py -> /home/Nada/ros2_ws/install/mypkg/lib/python3.10/site-packages/mypkg
[4.133s] copying /home/Nada/ros2_ws/build/mypkg/build/lib/mypkg/publisher.py -> /home/Nada/ros2_ws/install/mypkg/lib/python3.10/site-packages/mypkg
[4.182s] copying /home/Nada/ros2_ws/build/mypkg/build/lib/mypkg/sub.py -> /home/Nada/ros2_ws/install/mypkg/lib/python3.10/site-packages/mypkg
[4.285s] copying /home/Nada/ros2_ws/build/mypkg/build/lib/mypkg/__init__.py -> /home/Nada/ros2_ws/install/mypkg/lib/python3.10/site-packages/mypkg
[4.368s] byte-compiling /home/Nada/ros2_ws/install/mypkg/lib/python3.10/site-packages/mypkg/my_node.py to my_node.cpython-310.pyc
[4.466s] byte-compiling /home/Nada/ros2_ws/install/mypkg/lib/python3.10/site-packages/mypkg/oop_node.py to oop_node.cpython-310.pyc
[4.552s] byte-compiling /home/Nada/ros2_ws/install/mypkg/lib/python3.10/site-packages/mypkg/publisher.py to publisher.cpython-310.pyc
[4.662s] byte-compiling /home/Nada/ros2_ws/install/mypkg/lib/python3.10/site-packages/mypkg/sub.py to sub.cpython-310.pyc
[4.787s] byte-compiling /home/Nada/ros2_ws/install/mypkg/lib/python3.10/site-packages/mypkg/__init__.py to __init__.cpython-310.pyc
[4.865s] running install_data
[4.883s] creating /home/Nada/ros2_ws/install/mypkg/share/ament_index
[4.888s] creating /home/Nada/ros2_ws/install/mypkg/share/ament_index/resource_index
[4.894s] creating /home/Nada/ros2_ws/install/mypkg/share/ament_index/resource_index/packages
[4.906s] copying resource/mypkg -> /home/Nada/ros2_ws/install/mypkg/share/ament_index/resource_index/packages
[4.930s] copying package.xml -> /home/Nada/ros2_ws/install/mypkg/share/mypkg
[4.952s] running install_egg_info
[4.997s] Copying ../../../build/mypkg/mypkg.egg-info to /home/Nada/ros2_ws/install/mypkg/lib/python3.10/site-packages/mypkg-0.0.0-py3.10.egg-info
[5.443s] running install_scripts
[5.530s] Installing my_node script to /home/Nada/ros2_ws/install/mypkg/lib/mypkg
[5.547s] Installing oop_node script to /home/Nada/ros2_ws/install/mypkg/lib/mypkg
[5.578s] Installing publisher script to /home/Nada/ros2_ws/install/mypkg/lib/mypkg
[5.609s] Installing sub script to /home/Nada/ros2_ws/install/mypkg/lib/mypkg
[5.646s] writing list of installed files to '/home/Nada/ros2_ws/build/mypkg/install.log'
[5.683s] Invoked command in '/home/Nada/ros2_ws/ros2_ws/src/mypkg' returned '0': PYTHONPATH=/home/Nada/ros2_ws/build/mypkg/prefix_override:/usr/lib/python3/dist-packages/colcon_core/task/python/colcon_distutils_commands:/home/Nada/ros2_ws/install/mypkg/lib/python3.10/site-packages:${PYTHONPATH} /usr/bin/python3 -W ignore:setup.py install is deprecated -W ignore:easy_install command is deprecated setup.py egg_info --egg-base ../../../build/mypkg build --build-base /home/Nada/ros2_ws/build/mypkg/build install --record /home/Nada/ros2_ws/build/mypkg/install.log --single-version-externally-managed install_data
