[2.086s] Invoking command in '/home/Nada/ros2_ws/ros2_ws/src/mypkg': PYTHONPATH=/home/Nada/ros2_ws/build/mypkg/prefix_override:/usr/lib/python3/dist-packages/colcon_core/task/python/colcon_distutils_commands:/home/Nada/ros2_ws/install/mypkg/lib/python3.10/site-packages:${PYTHONPATH} /usr/bin/python3 -W ignore:setup.py install is deprecated -W ignore:easy_install command is deprecated setup.py egg_info --egg-base ../../../build/mypkg build --build-base /home/Nada/ros2_ws/build/mypkg/build install --record /home/Nada/ros2_ws/build/mypkg/install.log --single-version-externally-managed install_data
[4.152s] running egg_info
[4.164s] writing ../../../build/mypkg/mypkg.egg-info/PKG-INFO
[4.223s] writing dependency_links to ../../../build/mypkg/mypkg.egg-info/dependency_links.txt
[4.303s] writing entry points to ../../../build/mypkg/mypkg.egg-info/entry_points.txt
[4.353s] writing requirements to ../../../build/mypkg/mypkg.egg-info/requires.txt
[4.385s] writing top-level names to ../../../build/mypkg/mypkg.egg-info/top_level.txt
[4.617s] reading manifest file '../../../build/mypkg/mypkg.egg-info/SOURCES.txt'
[5.272s] writing manifest file '../../../build/mypkg/mypkg.egg-info/SOURCES.txt'
[5.290s] running build
[5.309s] running build_py
[5.330s] copying mypkg/client.py -> /home/Nada/ros2_ws/build/mypkg/build/lib/mypkg
[5.424s] copying mypkg/server.py -> /home/Nada/ros2_ws/build/mypkg/build/lib/mypkg
[5.513s] running install
[5.515s] running install_lib
[5.647s] copying /home/Nada/ros2_ws/build/mypkg/build/lib/mypkg/client.py -> /home/Nada/ros2_ws/install/mypkg/lib/python3.10/site-packages/mypkg
[5.796s] copying /home/Nada/ros2_ws/build/mypkg/build/lib/mypkg/server.py -> /home/Nada/ros2_ws/install/mypkg/lib/python3.10/site-packages/mypkg
[5.856s] byte-compiling /home/Nada/ros2_ws/install/mypkg/lib/python3.10/site-packages/mypkg/client.py to client.cpython-310.pyc
[5.972s] byte-compiling /home/Nada/ros2_ws/install/mypkg/lib/python3.10/site-packages/mypkg/server.py to server.cpython-310.pyc
[6.449s] running install_data
[6.525s] running install_egg_info
[6.615s] removing '/home/Nada/ros2_ws/install/mypkg/lib/python3.10/site-packages/mypkg-0.0.0-py3.10.egg-info' (and everything under it)
[7.034s] Copying ../../../build/mypkg/mypkg.egg-info to /home/Nada/ros2_ws/install/mypkg/lib/python3.10/site-packages/mypkg-0.0.0-py3.10.egg-info
[7.597s] running install_scripts
[7.667s] Installing client script to /home/Nada/ros2_ws/install/mypkg/lib/mypkg
[7.678s] Installing my_node script to /home/Nada/ros2_ws/install/mypkg/lib/mypkg
[7.689s] Installing oop_node script to /home/Nada/ros2_ws/install/mypkg/lib/mypkg
[7.708s] Installing publisher script to /home/Nada/ros2_ws/install/mypkg/lib/mypkg
[7.743s] Installing server script to /home/Nada/ros2_ws/install/mypkg/lib/mypkg
[7.762s] Installing sub script to /home/Nada/ros2_ws/install/mypkg/lib/mypkg
[7.796s] writing list of installed files to '/home/Nada/ros2_ws/build/mypkg/install.log'
[7.853s] Invoked command in '/home/Nada/ros2_ws/ros2_ws/src/mypkg' returned '0': PYTHONPATH=/home/Nada/ros2_ws/build/mypkg/prefix_override:/usr/lib/python3/dist-packages/colcon_core/task/python/colcon_distutils_commands:/home/Nada/ros2_ws/install/mypkg/lib/python3.10/site-packages:${PYTHONPATH} /usr/bin/python3 -W ignore:setup.py install is deprecated -W ignore:easy_install command is deprecated setup.py egg_info --egg-base ../../../build/mypkg build --build-base /home/Nada/ros2_ws/build/mypkg/build install --record /home/Nada/ros2_ws/build/mypkg/install.log --single-version-externally-managed install_data
