[3.158s] Invoking command in '/home/Nada/ros2_ws/ros2_ws/src/mypkg': PYTHONPATH=/home/Nada/ros2_ws/build/mypkg/prefix_override:/usr/lib/python3/dist-packages/colcon_core/task/python/colcon_distutils_commands:/home/Nada/ros2_ws/install/mypkg/lib/python3.10/site-packages:${PYTHONPATH} /usr/bin/python3 -W ignore:setup.py install is deprecated -W ignore:easy_install command is deprecated setup.py egg_info --egg-base ../../../build/mypkg build --build-base /home/Nada/ros2_ws/build/mypkg/build install --record /home/Nada/ros2_ws/build/mypkg/install.log --single-version-externally-managed install_data
[4.301s] running egg_info
[4.306s] writing ../../../build/mypkg/mypkg.egg-info/PKG-INFO
[4.312s] writing dependency_links to ../../../build/mypkg/mypkg.egg-info/dependency_links.txt
[4.331s] writing entry points to ../../../build/mypkg/mypkg.egg-info/entry_points.txt
[4.347s] writing requirements to ../../../build/mypkg/mypkg.egg-info/requires.txt
[4.352s] writing top-level names to ../../../build/mypkg/mypkg.egg-info/top_level.txt
[4.410s] reading manifest file '../../../build/mypkg/mypkg.egg-info/SOURCES.txt'
[4.493s] writing manifest file '../../../build/mypkg/mypkg.egg-info/SOURCES.txt'
[4.494s] running build
[4.495s] running build_py
[4.550s] running install
[4.550s] running install_lib
[4.734s] running install_data
[4.819s] running install_egg_info
[4.846s] removing '/home/Nada/ros2_ws/install/mypkg/lib/python3.10/site-packages/mypkg-0.0.0-py3.10.egg-info' (and everything under it)
[4.980s] Copying ../../../build/mypkg/mypkg.egg-info to /home/Nada/ros2_ws/install/mypkg/lib/python3.10/site-packages/mypkg-0.0.0-py3.10.egg-info
[5.411s] running install_scripts
[5.518s] Installing my_node script to /home/Nada/ros2_ws/install/mypkg/lib/mypkg
[5.539s] Installing oop_node script to /home/Nada/ros2_ws/install/mypkg/lib/mypkg
[5.553s] Installing publisher script to /home/Nada/ros2_ws/install/mypkg/lib/mypkg
[5.572s] Installing sub script to /home/Nada/ros2_ws/install/mypkg/lib/mypkg
[5.587s] writing list of installed files to '/home/Nada/ros2_ws/build/mypkg/install.log'
[5.652s] Invoked command in '/home/Nada/ros2_ws/ros2_ws/src/mypkg' returned '0': PYTHONPATH=/home/Nada/ros2_ws/build/mypkg/prefix_override:/usr/lib/python3/dist-packages/colcon_core/task/python/colcon_distutils_commands:/home/Nada/ros2_ws/install/mypkg/lib/python3.10/site-packages:${PYTHONPATH} /usr/bin/python3 -W ignore:setup.py install is deprecated -W ignore:easy_install command is deprecated setup.py egg_info --egg-base ../../../build/mypkg build --build-base /home/Nada/ros2_ws/build/mypkg/build install --record /home/Nada/ros2_ws/build/mypkg/install.log --single-version-externally-managed install_data
