[5.954s] Invoking command in '/home/Nada/ros2_ws/ros2_ws/src/mypkg': PYTHONPATH=/home/Nada/ros2_ws/build/mypkg/prefix_override:/usr/lib/python3/dist-packages/colcon_core/task/python/colcon_distutils_commands:/home/Nada/ros2_ws/install/mypkg/lib/python3.10/site-packages:${PYTHONPATH} /usr/bin/python3 -W ignore:setup.py install is deprecated -W ignore:easy_install command is deprecated setup.py egg_info --egg-base ../../../build/mypkg build --build-base /home/Nada/ros2_ws/build/mypkg/build install --record /home/Nada/ros2_ws/build/mypkg/install.log --single-version-externally-managed install_data
[7.131s] running egg_info
[7.156s] writing ../../../build/mypkg/mypkg.egg-info/PKG-INFO
[7.173s] writing dependency_links to ../../../build/mypkg/mypkg.egg-info/dependency_links.txt
[7.193s] writing entry points to ../../../build/mypkg/mypkg.egg-info/entry_points.txt
[7.211s] writing requirements to ../../../build/mypkg/mypkg.egg-info/requires.txt
[7.230s] writing top-level names to ../../../build/mypkg/mypkg.egg-info/top_level.txt
[7.327s] reading manifest file '../../../build/mypkg/mypkg.egg-info/SOURCES.txt'
[7.437s] writing manifest file '../../../build/mypkg/mypkg.egg-info/SOURCES.txt'
[7.439s] running build
[7.439s] running build_py
[7.498s] running install
[7.498s] running install_lib
[7.680s] running install_data
[7.682s] running install_egg_info
[7.686s] removing '/home/Nada/ros2_ws/install/mypkg/lib/python3.10/site-packages/mypkg-0.0.0-py3.10.egg-info' (and everything under it)
[7.740s] Copying ../../../build/mypkg/mypkg.egg-info to /home/Nada/ros2_ws/install/mypkg/lib/python3.10/site-packages/mypkg-0.0.0-py3.10.egg-info
[8.026s] running install_scripts
[8.083s] Installing my_node script to /home/Nada/ros2_ws/install/mypkg/lib/mypkg
[8.148s] Installing oop_node script to /home/Nada/ros2_ws/install/mypkg/lib/mypkg
[8.180s] Installing publisher script to /home/Nada/ros2_ws/install/mypkg/lib/mypkg
[8.207s] Installing sub script to /home/Nada/ros2_ws/install/mypkg/lib/mypkg
[8.242s] writing list of installed files to '/home/Nada/ros2_ws/build/mypkg/install.log'
[8.294s] Invoked command in '/home/Nada/ros2_ws/ros2_ws/src/mypkg' returned '0': PYTHONPATH=/home/Nada/ros2_ws/build/mypkg/prefix_override:/usr/lib/python3/dist-packages/colcon_core/task/python/colcon_distutils_commands:/home/Nada/ros2_ws/install/mypkg/lib/python3.10/site-packages:${PYTHONPATH} /usr/bin/python3 -W ignore:setup.py install is deprecated -W ignore:easy_install command is deprecated setup.py egg_info --egg-base ../../../build/mypkg build --build-base /home/Nada/ros2_ws/build/mypkg/build install --record /home/Nada/ros2_ws/build/mypkg/install.log --single-version-externally-managed install_data
