/home/Nada/ros2_ws/install/mypkg/lib/python3.10/site-packages/mypkg/client.py
/home/Nada/ros2_ws/install/mypkg/lib/python3.10/site-packages/mypkg/my_node.py
/home/Nada/ros2_ws/install/mypkg/lib/python3.10/site-packages/mypkg/oop_node.py
/home/Nada/ros2_ws/install/mypkg/lib/python3.10/site-packages/mypkg/publisher.py
/home/Nada/ros2_ws/install/mypkg/lib/python3.10/site-packages/mypkg/server.py
/home/Nada/ros2_ws/install/mypkg/lib/python3.10/site-packages/mypkg/sub.py
/home/Nada/ros2_ws/install/mypkg/lib/python3.10/site-packages/mypkg/__init__.py
/home/Nada/ros2_ws/install/mypkg/lib/python3.10/site-packages/mypkg/__pycache__/client.cpython-310.pyc
/home/Nada/ros2_ws/install/mypkg/lib/python3.10/site-packages/mypkg/__pycache__/my_node.cpython-310.pyc
/home/Nada/ros2_ws/install/mypkg/lib/python3.10/site-packages/mypkg/__pycache__/oop_node.cpython-310.pyc
/home/Nada/ros2_ws/install/mypkg/lib/python3.10/site-packages/mypkg/__pycache__/publisher.cpython-310.pyc
/home/Nada/ros2_ws/install/mypkg/lib/python3.10/site-packages/mypkg/__pycache__/server.cpython-310.pyc
/home/Nada/ros2_ws/install/mypkg/lib/python3.10/site-packages/mypkg/__pycache__/sub.cpython-310.pyc
/home/Nada/ros2_ws/install/mypkg/lib/python3.10/site-packages/mypkg/__pycache__/__init__.cpython-310.pyc
/home/Nada/ros2_ws/install/mypkg/share/ament_index/resource_index/packages/mypkg
/home/Nada/ros2_ws/install/mypkg/share/mypkg/package.xml
/home/Nada/ros2_ws/install/mypkg/lib/python3.10/site-packages/mypkg-0.0.0-py3.10.egg-info/dependency_links.txt
/home/Nada/ros2_ws/install/mypkg/lib/python3.10/site-packages/mypkg-0.0.0-py3.10.egg-info/entry_points.txt
/home/Nada/ros2_ws/install/mypkg/lib/python3.10/site-packages/mypkg-0.0.0-py3.10.egg-info/PKG-INFO
/home/Nada/ros2_ws/install/mypkg/lib/python3.10/site-packages/mypkg-0.0.0-py3.10.egg-info/requires.txt
/home/Nada/ros2_ws/install/mypkg/lib/python3.10/site-packages/mypkg-0.0.0-py3.10.egg-info/SOURCES.txt
/home/Nada/ros2_ws/install/mypkg/lib/python3.10/site-packages/mypkg-0.0.0-py3.10.egg-info/top_level.txt
/home/Nada/ros2_ws/install/mypkg/lib/python3.10/site-packages/mypkg-0.0.0-py3.10.egg-info/zip-safe
/home/Nada/ros2_ws/install/mypkg/lib/mypkg/client
/home/Nada/ros2_ws/install/mypkg/lib/mypkg/my_node
/home/Nada/ros2_ws/install/mypkg/lib/mypkg/oop_node
/home/Nada/ros2_ws/install/mypkg/lib/mypkg/publisher
/home/Nada/ros2_ws/install/mypkg/lib/mypkg/server
/home/Nada/ros2_ws/install/mypkg/lib/mypkg/sub
